C:\Program Files\Microsoft Visual Studio\2022\Community\MSBuild\Microsoft\VC\v170\Microsoft.CppBuild.targets(531,5): warning MSB8028: Katalog pośredni (x64\Debug\) zawiera pliki udostępnione z innego projektu (Lista3.vcxproj). Może to spowodować niepoprawne zachowanie podczas oczyszczania i ponownej kompilacji.
  CNode.cpp
  CTree.cpp
C:\Users\chudz\Desktop\Studies\Techiniki Efektywnego Programowania\Lista4\Lista4\Lista3\CTree.h(14,2): error C2955: „CNode”: użycie klasy klasa szablon wymaga listy argumentów szablon
C:\Users\chudz\Desktop\Studies\Techiniki Efektywnego Programowania\Lista4\Lista4\Lista3\CNode.h(9,1): message : zobacz deklarację „CNode”
C:\Users\chudz\Desktop\Studies\Techiniki Efektywnego Programowania\Lista4\Lista4\Lista3\CTree.h(67,2): message : zobacz odwołanie do kompilowanego tworzenia wystąpienia „CTree<T>” klasy klasa szablon
  CUI.cpp
C:\Users\chudz\Desktop\Studies\Techiniki Efektywnego Programowania\Lista4\Lista4\Lista3\CTree.h(14,2): error C2955: „CNode”: użycie klasy klasa szablon wymaga listy argumentów szablon
C:\Users\chudz\Desktop\Studies\Techiniki Efektywnego Programowania\Lista4\Lista4\Lista3\CNode.h(9,1): message : zobacz deklarację „CNode”
C:\Users\chudz\Desktop\Studies\Techiniki Efektywnego Programowania\Lista4\Lista4\Lista3\CTree.h(67,2): message : zobacz odwołanie do kompilowanego tworzenia wystąpienia „CTree<T>” klasy klasa szablon
C:\Users\chudz\Desktop\Studies\Techiniki Efektywnego Programowania\Lista4\Lista4\Lista3\CUI.cpp(39,3): error C2760: błąd składniowy: element „}” był nieoczekiwany w tym miejscu; oczekiwano elementu „;”
  main.cpp
C:\Users\chudz\Desktop\Studies\Techiniki Efektywnego Programowania\Lista4\Lista4\Lista3\CTree.h(14,2): error C2955: „CNode”: użycie klasy klasa szablon wymaga listy argumentów szablon
C:\Users\chudz\Desktop\Studies\Techiniki Efektywnego Programowania\Lista4\Lista4\Lista3\CNode.h(9,1): message : zobacz deklarację „CNode”
C:\Users\chudz\Desktop\Studies\Techiniki Efektywnego Programowania\Lista4\Lista4\Lista3\CTree.h(67,2): message : zobacz odwołanie do kompilowanego tworzenia wystąpienia „CTree<T>” klasy klasa szablon
C:\Users\chudz\Desktop\Studies\Techiniki Efektywnego Programowania\Lista4\Lista4\Lista3\main.cpp(31,6): error C2133: "cui": nieznany rozmiar
C:\Users\chudz\Desktop\Studies\Techiniki Efektywnego Programowania\Lista4\Lista4\Lista3\main.cpp(31,6): error C2512: "CUI": niedostępny odpowiedni konstruktor domyślny
C:\Users\chudz\Desktop\Studies\Techiniki Efektywnego Programowania\Lista4\Lista4\Lista3\CUI.h(6,1): message : zobacz deklarację „CUI”
C:\Users\chudz\Desktop\Studies\Techiniki Efektywnego Programowania\Lista4\Lista4\Lista3\main.cpp(32,5): error C2662: "void CUI<T>::start(void)": nie można konwertować wskaźnika "this" z "CUI" do "CUI<T> &"
C:\Users\chudz\Desktop\Studies\Techiniki Efektywnego Programowania\Lista4\Lista4\Lista3\main.cpp(32,2): message : Przyczyna: nie można skonwertować z "CUI" na "CUI<T>"
C:\Users\chudz\Desktop\Studies\Techiniki Efektywnego Programowania\Lista4\Lista4\Lista3\main.cpp(32,2): message : Konwersja wymaga drugiego operatora konwersji zdefiniowanego przez użytkownika lub konstruktora
C:\Users\chudz\Desktop\Studies\Techiniki Efektywnego Programowania\Lista4\Lista4\Lista3\CUI.h(15,7): message : zobacz deklarację „CUI<T>::start”
C:\Users\chudz\Desktop\Studies\Techiniki Efektywnego Programowania\Lista4\Lista4\Lista3\main.cpp(32,5): message : podczas próby dopasowania listy argumentów "()"
  Generowanie kodu...
