2023.10.23 12:07:25 INFO  Started: Metals version 1.1.0 in folders 'C:\Users\chudz\Desktop\Dawid\Paradygmaty Programowania\Lista1Scala3 — kopia' for client Visual Studio Code 1.83.1.
2023.10.23 12:07:26 WARN  Build server is not auto-connectable.
2023.10.23 12:07:26 WARN  no build target for: C:\Users\chudz\Desktop\Dawid\Paradygmaty Programowania\Lista1Scala3 — kopia\src\main\scala\Zadania.scala
2023.10.23 12:07:30 INFO  no build target found for C:\Users\chudz\Desktop\Dawid\Paradygmaty Programowania\Lista1Scala3 — kopia\src\main\scala\Zadania.scala. Using presentation compiler with project's scala-library version: 3.3.1
2023.10.23 12:07:33 INFO  Shutting down server
2023.10.23 12:07:33 INFO  shutting down Metals
2023.10.23 12:07:33 INFO  time: code lens generation in 6.72s
2023.10.23 12:07:33 INFO  Exiting server
2023.10.23 12:07:33 ERROR Unexpected error initializing server: 
org.eclipse.lsp4j.jsonrpc.ResponseErrorException: Request window/showMessageRequest failed with message: Canceled
	at org.eclipse.lsp4j.jsonrpc.RemoteEndpoint.handleResponse(RemoteEndpoint.java:209)
	at org.eclipse.lsp4j.jsonrpc.RemoteEndpoint.consume(RemoteEndpoint.java:193)
	at org.eclipse.lsp4j.jsonrpc.json.StreamMessageProducer.handleMessage(StreamMessageProducer.java:194)
	at org.eclipse.lsp4j.jsonrpc.json.StreamMessageProducer.listen(StreamMessageProducer.java:94)
	at org.eclipse.lsp4j.jsonrpc.json.ConcurrentMessageProcessor.run(ConcurrentMessageProcessor.java:113)
	at java.util.concurrent.Executors$RunnableAdapter.call(Executors.java:515)
	at java.util.concurrent.FutureTask.run(FutureTask.java:264)
	at java.util.concurrent.ThreadPoolExecutor.runWorker(ThreadPoolExecutor.java:1128)
	at java.util.concurrent.ThreadPoolExecutor$Worker.run(ThreadPoolExecutor.java:628)
	at java.lang.Thread.run(Thread.java:829)

