C:\Program Files\Microsoft Visual Studio\2022\Community\MSBuild\Microsoft\VC\v170\Microsoft.CppBuild.targets(531,5): warning MSB8028: Katalog pośredni (x64\Debug\) zawiera pliki udostępnione z innego projektu (Lista3.vcxproj). Może to spowodować niepoprawne zachowanie podczas oczyszczania i ponownej kompilacji.
  main.cpp
C:\Users\chudz\Desktop\Studies\Techiniki Efektywnego Programowania\Lista4\Lista4\Lista3\CTree.tpp(296,13): warning C4244: "return": konwersja z "double" do "T", możliwa utrata danych
          with
          [
              T=int
          ]
C:\Users\chudz\Desktop\Studies\Techiniki Efektywnego Programowania\Lista4\Lista4\Lista3\CTree.tpp(289,1): message : podczas kompilowania funkcji składowej „T CTree<T>::restOfComp(std::string &,CNode *) const” klasy klasa szablon
          with
          [
              T=int
          ]
C:\Users\chudz\Desktop\Studies\Techiniki Efektywnego Programowania\Lista4\Lista4\Lista3\CTree.tpp(273,4): message : zobacz pierwsze odwołanie do elementu „CTree<int>::restOfComp” w „CTree<int>::comp”
C:\Users\chudz\Desktop\Studies\Techiniki Efektywnego Programowania\Lista4\Lista4\Lista3\CTree.tpp(244,2): message : zobacz pierwsze odwołanie do elementu „CTree<int>::comp” w „CTree<int>::comp”
C:\Users\chudz\Desktop\Studies\Techiniki Efektywnego Programowania\Lista4\Lista4\Lista3\CUI.tpp(117,7): message : zobacz pierwsze odwołanie do elementu „CTree<int>::comp” w „CUI<int>::comp”
C:\Users\chudz\Desktop\Studies\Techiniki Efektywnego Programowania\Lista4\Lista4\Lista3\CUI.tpp(22,8): message : zobacz pierwsze odwołanie do elementu „CUI<int>::comp” w „CUI<int>::start”
C:\Users\chudz\Desktop\Studies\Techiniki Efektywnego Programowania\Lista4\Lista4\Lista3\main.cpp(10,11): message : zobacz pierwsze odwołanie do elementu „CUI<int>::start” w „main”
C:\Users\chudz\Desktop\Studies\Techiniki Efektywnego Programowania\Lista4\Lista4\Lista3\CTree.tpp(192,1): message : podczas kompilowania funkcji składowej „void CTree<int>::checkRestOfExpresion(std::string &)” klasy klasa szablon
C:\Users\chudz\Desktop\Studies\Techiniki Efektywnego Programowania\Lista4\Lista4\Lista3\CTree.tpp(138,22): message : zobacz pierwsze odwołanie do elementu „CTree<int>::checkRestOfExpresion” w „CTree<int>::enter”
C:\Users\chudz\Desktop\Studies\Techiniki Efektywnego Programowania\Lista4\Lista4\Lista3\CUI.tpp(56,2): message : zobacz pierwsze odwołanie do elementu „CTree<int>::enter” w „CUI<int>::enter”
C:\Users\chudz\Desktop\Studies\Techiniki Efektywnego Programowania\Lista4\Lista4\Lista3\CUI.tpp(18,9): message : zobacz pierwsze odwołanie do elementu „CUI<int>::enter” w „CUI<int>::start”
C:\Users\chudz\Desktop\Studies\Techiniki Efektywnego Programowania\Lista4\Lista4\Lista3\main.cpp(10,11): message : zobacz pierwsze odwołanie do elementu „CUI<int>::start” w „main”
C:\Users\chudz\Desktop\Studies\Techiniki Efektywnego Programowania\Lista4\Lista4\Lista3\CTree.tpp(208,1): message : podczas kompilowania funkcji składowej „T CTree<T>::comp(std::string)” klasy klasa szablon
          with
          [
              T=int
          ]
C:\Users\chudz\Desktop\Studies\Techiniki Efektywnego Programowania\Lista4\Lista4\Lista3\CUI.tpp(117,7): message : zobacz pierwsze odwołanie do elementu „CTree<int>::comp” w „CUI<int>::comp”
C:\Users\chudz\Desktop\Studies\Techiniki Efektywnego Programowania\Lista4\Lista4\Lista3\CUI.tpp(22,8): message : zobacz pierwsze odwołanie do elementu „CUI<int>::comp” w „CUI<int>::start”
C:\Users\chudz\Desktop\Studies\Techiniki Efektywnego Programowania\Lista4\Lista4\Lista3\main.cpp(10,11): message : zobacz pierwsze odwołanie do elementu „CUI<int>::start” w „main”
C:\Users\chudz\Desktop\Studies\Techiniki Efektywnego Programowania\Lista4\Lista4\Lista3\CTree.tpp(520,1): message : podczas kompilowania funkcji składowej „void CTree<int>::deAllocTree(void)” klasy klasa szablon
C:\Users\chudz\Desktop\Studies\Techiniki Efektywnego Programowania\Lista4\Lista4\Lista3\CTree.tpp(49,13): message : zobacz pierwsze odwołanie do elementu „CTree<int>::deAllocTree” w „CTree<int>::~CTree”
C:\Users\chudz\Desktop\Studies\Techiniki Efektywnego Programowania\Lista4\Lista4\Lista3\main.cpp(8,13): message : zobacz pierwsze odwołanie do elementu „CTree<int>::~CTree” w „main”
C:\Users\chudz\Desktop\Studies\Techiniki Efektywnego Programowania\Lista4\Lista4\Lista3\CTree.tpp(38,19): message : podczas kompilowania funkcji składowej „CTree<int>::CTree(void)” klasy klasa szablon
C:\Users\chudz\Desktop\Studies\Techiniki Efektywnego Programowania\Lista4\Lista4\Lista3\main.cpp(8,13): message : zobacz pierwsze odwołanie do elementu „CTree<int>::CTree” w „main”
C:\Users\chudz\Desktop\Studies\Techiniki Efektywnego Programowania\Lista4\Lista4\Lista3\CTree.tpp(14,42): message : zobacz odwołanie do kompilowanego tworzenia wystąpienia „CTree<int>” klasy klasa szablon
C:\Users\chudz\Desktop\Studies\Techiniki Efektywnego Programowania\Lista4\Lista4\Lista3\CTree.tpp(300,13): warning C4244: "return": konwersja z "double" do "T", możliwa utrata danych
          with
          [
              T=int
          ]
  Lista3.vcxproj -> C:\Users\chudz\Desktop\Studies\Techiniki Efektywnego Programowania\Lista4\Lista4\x64\Debug\Lista4.exe
