2023.10.30 20:54:57 INFO  Started: Metals version 1.1.0 in folders 'C:\Users\chudz\Desktop\Dawid\Paradygmaty Programowania\ewrerw' for client Visual Studio Code 1.83.1.
2023.10.30 20:55:03 INFO  Running List(C:\Users\chudz\AppData\Local\Coursier\data\bin\scala-cli.BAT, setup-ide, C:\Users\chudz\Desktop\Dawid\Paradygmaty Programowania\ewrerw)
2023.10.30 20:55:03 INFO  Attempting to connect to the build server...
2023.10.30 20:55:03 INFO  Running BSP server List(C:\Users\chudz\AppData\Local\Coursier\data\bin\.scala-cli.aux.exe, bsp, --json-options, C:\Users\chudz\Desktop\Dawid\Paradygmaty Programowania\ewrerw\.scala-build\ide-options-v2.json, C:\Users\chudz\Desktop\Dawid\Paradygmaty Programowania\ewrerw)
2023.10.30 20:55:03 INFO  tracing is disabled for protocol BSP, to enable tracing of incoming and outgoing JSON messages create an empty file at C:\Users\chudz\Desktop\Dawid\Paradygmaty Programowania\ewrerw\.metals\bsp.trace.json or C:\Users\chudz\AppData\Local\scalameta\metals\cache\bsp.trace.json
2023.10.30 20:55:04 INFO  BSP server: Downloading https://github.com/coursier/jvm-index/raw/master/index.json
2023.10.30 20:55:04 INFO  BSP server: Downloaded https://github.com/coursier/jvm-index/raw/master/index.json
2023.10.30 20:55:04 INFO  BSP server: Downloading https://github.com/adoptium/temurin17-binaries/releases/download/jdk-17%2B35/OpenJDK17-jdk_x64_windows_hotspot_17_35.zip
2023.10.30 20:55:05 INFO  no build target found for C:\Users\chudz\Desktop\Dawid\Paradygmaty Programowania\ewrerw\test.scala. Using presentation compiler with project's scala-library version: 3.3.1
paü 30, 2023 8:55:05 PM org.eclipse.lsp4j.jsonrpc.RemoteEndpoint handleCancellation
WARNING: Unmatched cancel notification for request id 7
paü 30, 2023 8:55:05 PM org.eclipse.lsp4j.jsonrpc.RemoteEndpoint handleCancellation
WARNING: Unmatched cancel notification for request id 11
paü 30, 2023 8:55:05 PM org.eclipse.lsp4j.jsonrpc.RemoteEndpoint handleCancellation
WARNING: Unmatched cancel notification for request id 10
paü 30, 2023 8:55:05 PM org.eclipse.lsp4j.jsonrpc.RemoteEndpoint handleCancellation
WARNING: Unmatched cancel notification for request id 14
2023.10.30 20:55:06 WARN  Could not find semantic tokens for: file:///C:/Users/chudz/Desktop/Dawid/Paradygmaty%20Programowania/ewrerw/test.scala
2023.10.30 20:55:07 WARN  Could not find semantic tokens for: file:///C:/Users/chudz/Desktop/Dawid/Paradygmaty%20Programowania/ewrerw/test.scala
2023.10.30 20:55:09 INFO  BSP server: Downloaded https://github.com/adoptium/temurin17-binaries/releases/download/jdk-17%2B35/OpenJDK17-jdk_x64_windows_hotspot_17_35.zip
2023.10.30 20:55:10 WARN  Could not find semantic tokens for: file:///C:/Users/chudz/Desktop/Dawid/Paradygmaty%20Programowania/ewrerw/test.scala
2023.10.30 20:55:12 WARN  Could not find semantic tokens for: file:///C:/Users/chudz/Desktop/Dawid/Paradygmaty%20Programowania/ewrerw/test.scala
2023.10.30 20:55:12 WARN  Could not find semantic tokens for: file:///C:/Users/chudz/Desktop/Dawid/Paradygmaty%20Programowania/ewrerw/test.scala
2023.10.30 20:55:14 WARN  Could not find semantic tokens for: file:///C:/Users/chudz/Desktop/Dawid/Paradygmaty%20Programowania/ewrerw/test.scala
2023.10.30 20:55:14 WARN  Could not find semantic tokens for: file:///C:/Users/chudz/Desktop/Dawid/Paradygmaty%20Programowania/ewrerw/test.scala
2023.10.30 20:55:14 INFO  BSP server: Starting compilation server
2023.10.30 20:55:14 INFO  BSP server: Downloading https://repo1.maven.org/maven2/io/github/alexarchambault/bleep/bloop-frontend_2.12/1.5.9-sc-1/bloop-frontend_2.12-1.5.9-sc-1.pom
2023.10.30 20:55:14 INFO  BSP server: Downloaded https://repo1.maven.org/maven2/io/github/alexarchambault/bleep/bloop-frontend_2.12/1.5.9-sc-1/bloop-frontend_2.12-1.5.9-sc-1.pom
2023.10.30 20:55:14 INFO  BSP server: Downloading https://repo1.maven.org/maven2/io/github/alexarchambault/libdaemon/libdaemon_2.12/0.0.11/libdaemon_2.12-0.0.11.pom
2023.10.30 20:55:14 INFO  BSP server: Downloading https://repo1.maven.org/maven2/io/github/alexarchambault/bleep/bloop-backend_2.12/1.5.9-sc-1/bloop-backend_2.12-1.5.9-sc-1.pom
2023.10.30 20:55:14 INFO  BSP server: Downloading https://repo1.maven.org/maven2/ch/qos/logback/logback-classic/1.4.6/logback-classic-1.4.6.pom
2023.10.30 20:55:14 INFO  BSP server: Downloaded https://repo1.maven.org/maven2/io/github/alexarchambault/libdaemon/libdaemon_2.12/0.0.11/libdaemon_2.12-0.0.11.pom
2023.10.30 20:55:14 INFO  BSP server: Downloaded https://repo1.maven.org/maven2/io/github/alexarchambault/bleep/bloop-backend_2.12/1.5.9-sc-1/bloop-backend_2.12-1.5.9-sc-1.pom
2023.10.30 20:55:14 INFO  BSP server: Downloaded https://repo1.maven.org/maven2/ch/qos/logback/logback-classic/1.4.6/logback-classic-1.4.6.pom
2023.10.30 20:55:14 INFO  BSP server: Downloading https://repo1.maven.org/maven2/ch/qos/logback/logback-parent/1.4.6/logback-parent-1.4.6.pom
2023.10.30 20:55:14 INFO  BSP server: Downloaded https://repo1.maven.org/maven2/ch/qos/logback/logback-parent/1.4.6/logback-parent-1.4.6.pom
2023.10.30 20:55:14 INFO  BSP server: Downloading https://repo1.maven.org/maven2/io/github/alexarchambault/bleep/nailgun-server/1.0.7/nailgun-server-1.0.7.pom
2023.10.30 20:55:14 INFO  BSP server: Downloading https://repo1.maven.org/maven2/org/slf4j/slf4j-api/2.0.4/slf4j-api-2.0.4.pom
2023.10.30 20:55:14 INFO  BSP server: Downloading https://repo1.maven.org/maven2/org/scala-sbt/test-agent/1.8.3/test-agent-1.8.3.pom
2023.10.30 20:55:14 INFO  BSP server: Downloading https://repo1.maven.org/maven2/ch/qos/logback/logback-core/1.4.6/logback-core-1.4.6.pom
2023.10.30 20:55:14 INFO  BSP server: Downloading https://repo1.maven.org/maven2/io/github/alexarchambault/bleep/bloop-shared_2.12/1.5.9-sc-1/bloop-shared_2.12-1.5.9-sc-1.pom
2023.10.30 20:55:14 INFO  BSP server: Downloaded https://repo1.maven.org/maven2/io/github/alexarchambault/bleep/nailgun-server/1.0.7/nailgun-server-1.0.7.pom
2023.10.30 20:55:14 INFO  BSP server: Downloaded https://repo1.maven.org/maven2/org/slf4j/slf4j-api/2.0.4/slf4j-api-2.0.4.pom
2023.10.30 20:55:14 INFO  BSP server: Downloaded https://repo1.maven.org/maven2/ch/qos/logback/logback-core/1.4.6/logback-core-1.4.6.pom
2023.10.30 20:55:15 WARN  Could not find semantic tokens for: file:///C:/Users/chudz/Desktop/Dawid/Paradygmaty%20Programowania/ewrerw/test.scala
2023.10.30 20:55:14 INFO  BSP server: Downloaded https://repo1.maven.org/maven2/org/scala-sbt/test-agent/1.8.3/test-agent-1.8.3.pom
2023.10.30 20:55:14 INFO  BSP server: Downloaded https://repo1.maven.org/maven2/io/github/alexarchambault/bleep/bloop-shared_2.12/1.5.9-sc-1/bloop-shared_2.12-1.5.9-sc-1.pom
2023.10.30 20:55:14 INFO  BSP server: Downloading https://repo1.maven.org/maven2/org/slf4j/slf4j-parent/2.0.4/slf4j-parent-2.0.4.pom
2023.10.30 20:55:14 INFO  BSP server: Downloaded https://repo1.maven.org/maven2/org/slf4j/slf4j-parent/2.0.4/slf4j-parent-2.0.4.pom
2023.10.30 20:55:14 INFO  BSP server: Downloading https://repo1.maven.org/maven2/org/scala-sbt/test-agent/1.9.2/test-agent-1.9.2.pom
2023.10.30 20:55:14 INFO  BSP server: Downloading https://repo1.maven.org/maven2/io/get-coursier/interface/1.0.13/interface-1.0.13.pom
2023.10.30 20:55:14 INFO  BSP server: Downloading https://repo1.maven.org/maven2/net/java/dev/jna/jna-platform/4.4.0/jna-platform-4.4.0.pom
2023.10.30 20:55:14 INFO  BSP server: Downloading https://repo1.maven.org/maven2/net/java/dev/jna/jna/4.5.2/jna-4.5.2.pom
2023.10.30 20:55:14 INFO  BSP server: Downloaded https://repo1.maven.org/maven2/io/get-coursier/interface/1.0.13/interface-1.0.13.pom
2023.10.30 20:55:14 INFO  BSP server: Downloaded https://repo1.maven.org/maven2/org/scala-sbt/test-agent/1.9.2/test-agent-1.9.2.pom
2023.10.30 20:55:14 INFO  BSP server: Downloaded https://repo1.maven.org/maven2/net/java/dev/jna/jna-platform/4.4.0/jna-platform-4.4.0.pom
2023.10.30 20:55:14 INFO  BSP server: Downloaded https://repo1.maven.org/maven2/net/java/dev/jna/jna/4.5.2/jna-4.5.2.pom
2023.10.30 20:55:14 INFO  BSP server: Downloading https://repo1.maven.org/maven2/org/scala-sbt/launcher-interface/1.0.0/launcher-interface-1.0.0.pom
2023.10.30 20:55:14 INFO  BSP server: Downloaded https://repo1.maven.org/maven2/org/scala-sbt/launcher-interface/1.0.0/launcher-interface-1.0.0.pom
2023.10.30 20:55:15 INFO  BSP server: Downloading https://repo1.maven.org/maven2/org/scala-sbt/test-agent/1.9.2/test-agent-1.9.2.jar
2023.10.30 20:55:15 INFO  BSP server: Downloading https://repo1.maven.org/maven2/io/github/alexarchambault/bleep/bloop-frontend_2.12/1.5.9-sc-1/bloop-frontend_2.12-1.5.9-sc-1.jar
2023.10.30 20:55:15 INFO  BSP server: Downloading https://repo1.maven.org/maven2/io/github/alexarchambault/bleep/nailgun-server/1.0.7/nailgun-server-1.0.7.jar
2023.10.30 20:55:15 INFO  BSP server: Downloading https://repo1.maven.org/maven2/ch/qos/logback/logback-core/1.4.6/logback-core-1.4.6.jar
2023.10.30 20:55:15 INFO  BSP server: Downloading https://repo1.maven.org/maven2/io/github/alexarchambault/bleep/bloop-backend_2.12/1.5.9-sc-1/bloop-backend_2.12-1.5.9-sc-1.jar
2023.10.30 20:55:15 INFO  BSP server: Downloading https://repo1.maven.org/maven2/ch/qos/logback/logback-classic/1.4.6/logback-classic-1.4.6.jar
2023.10.30 20:55:15 INFO  BSP server: Downloaded https://repo1.maven.org/maven2/org/scala-sbt/test-agent/1.9.2/test-agent-1.9.2.jar
2023.10.30 20:55:15 INFO  BSP server: Downloading https://repo1.maven.org/maven2/io/get-coursier/interface/1.0.13/interface-1.0.13.jar
2023.10.30 20:55:15 INFO  BSP server: Downloaded https://repo1.maven.org/maven2/io/github/alexarchambault/bleep/nailgun-server/1.0.7/nailgun-server-1.0.7.jar
2023.10.30 20:55:15 INFO  BSP server: Downloading https://repo1.maven.org/maven2/io/github/alexarchambault/libdaemon/libdaemon_2.12/0.0.11/libdaemon_2.12-0.0.11.jar
2023.10.30 20:55:15 INFO  BSP server: Downloaded https://repo1.maven.org/maven2/ch/qos/logback/logback-core/1.4.6/logback-core-1.4.6.jar
2023.10.30 20:55:15 INFO  BSP server: Downloading https://repo1.maven.org/maven2/io/github/alexarchambault/bleep/bloop-shared_2.12/1.5.9-sc-1/bloop-shared_2.12-1.5.9-sc-1.jar
2023.10.30 20:55:15 INFO  BSP server: Downloaded https://repo1.maven.org/maven2/io/github/alexarchambault/bleep/bloop-backend_2.12/1.5.9-sc-1/bloop-backend_2.12-1.5.9-sc-1.jar
2023.10.30 20:55:15 INFO  BSP server: Downloaded https://repo1.maven.org/maven2/ch/qos/logback/logback-classic/1.4.6/logback-classic-1.4.6.jar
2023.10.30 20:55:15 INFO  BSP server: Downloaded https://repo1.maven.org/maven2/io/github/alexarchambault/bleep/bloop-frontend_2.12/1.5.9-sc-1/bloop-frontend_2.12-1.5.9-sc-1.jar
2023.10.30 20:55:15 INFO  BSP server: Downloaded https://repo1.maven.org/maven2/io/github/alexarchambault/libdaemon/libdaemon_2.12/0.0.11/libdaemon_2.12-0.0.11.jar
2023.10.30 20:55:15 INFO  BSP server: Downloaded https://repo1.maven.org/maven2/io/github/alexarchambault/bleep/bloop-shared_2.12/1.5.9-sc-1/bloop-shared_2.12-1.5.9-sc-1.jar
2023.10.30 20:55:15 INFO  BSP server: Downloaded https://repo1.maven.org/maven2/io/get-coursier/interface/1.0.13/interface-1.0.13.jar
2023.10.30 20:55:16 WARN  Could not find semantic tokens for: file:///C:/Users/chudz/Desktop/Dawid/Paradygmaty%20Programowania/ewrerw/test.scala
2023.10.30 20:55:16 WARN  Could not find semantic tokens for: file:///C:/Users/chudz/Desktop/Dawid/Paradygmaty%20Programowania/ewrerw/test.scala
2023.10.30 20:55:24 INFO  BSP server: Checking https://repo1.maven.org/maven2/org/scala-lang/scala-library/
2023.10.30 20:55:24 INFO  BSP server: Checked https://repo1.maven.org/maven2/org/scala-lang/scala-library/
2023.10.30 20:55:24 INFO  BSP server: Checking https://repo1.maven.org/maven2/org/scala-lang/scala-library/maven-metadata.xml
2023.10.30 20:55:24 INFO  BSP server: Checked https://repo1.maven.org/maven2/org/scala-lang/scala-library/maven-metadata.xml
2023.10.30 20:55:24 INFO  BSP server: Checking https://repo1.maven.org/maven2/org/scala-lang/scala3-library_3/
2023.10.30 20:55:24 INFO  BSP server: Checked https://repo1.maven.org/maven2/org/scala-lang/scala3-library_3/
2023.10.30 20:55:24 INFO  BSP server: Downloading https://repo1.maven.org/maven2/org/scala-lang/scala3-library_3/
2023.10.30 20:55:24 INFO  BSP server: Downloaded https://repo1.maven.org/maven2/org/scala-lang/scala3-library_3/
2023.10.30 20:55:24 INFO  BSP server: Checking https://repo1.maven.org/maven2/org/scala-lang/scala3-library_3/maven-metadata.xml
2023.10.30 20:55:24 INFO  BSP server: Checked https://repo1.maven.org/maven2/org/scala-lang/scala3-library_3/maven-metadata.xml
2023.10.30 20:55:24 INFO  BSP server: Downloading https://repo1.maven.org/maven2/org/scala-lang/scala3-library_3/maven-metadata.xml
2023.10.30 20:55:24 INFO  BSP server: Downloaded https://repo1.maven.org/maven2/org/scala-lang/scala3-library_3/maven-metadata.xml
2023.10.30 20:55:24 INFO  BSP server: Downloading https://repo1.maven.org/maven2/com/sourcegraph/semanticdb-javac/0.7.4/semanticdb-javac-0.7.4.pom
2023.10.30 20:55:24 INFO  BSP server: Downloaded https://repo1.maven.org/maven2/com/sourcegraph/semanticdb-javac/0.7.4/semanticdb-javac-0.7.4.pom
2023.10.30 20:55:24 INFO  BSP server: Downloading https://repo1.maven.org/maven2/com/sourcegraph/semanticdb-javac/0.7.4/semanticdb-javac-0.7.4.jar
2023.10.30 20:55:24 INFO  BSP server: Downloaded https://repo1.maven.org/maven2/com/sourcegraph/semanticdb-javac/0.7.4/semanticdb-javac-0.7.4.jar
2023.10.30 20:55:25 INFO  time: Connected to build server in 21s
2023.10.30 20:55:25 INFO  Connected to Build server: scala-cli v1.0.4
2023.10.30 20:55:25 INFO  time: Imported build in 0.28s
2023.10.30 20:55:26 INFO  compiling ewrerw_bd2c96d2de (1 scala source)
2023.10.30 20:55:28 INFO  time: indexed workspace in 2.75s
2023.10.30 20:55:31 INFO  time: compiled ewrerw_bd2c96d2de in 4.48s
2023.10.30 20:55:33 WARN  Could not find semantic tokens for: file:///C:/Users/chudz/Desktop/Dawid/Paradygmaty%20Programowania/ewrerw/test.scala
2023.10.30 21:30:12 INFO  Shutting down server
2023.10.30 21:30:12 INFO  shutting down Metals
2023.10.30 21:30:12 INFO  Shut down connection with build server.
2023.10.30 21:30:12 INFO  Exiting server
